<?xml version="1.0" encoding="UTF-8"?>
<!-- Generated by org.testng.reporters.JUnitXMLReporter -->
<testsuite ignored="5" hostname="Escha" failures="0" tests="1" name="Surefire test" time="3.885" errors="0" timestamp="2025-02-23T13:17:26 ICT">
  <testcase classname="restassured.TugasValidationREST" name="updateObject" time="0.395"/>
  <testcase classname="restassured.TugasValidationREST" name="listObjectID" time="0.0">
    <ignored/>
  </testcase> <!-- listObjectID -->
  <testcase classname="restassured.TugasValidationREST" name="partiallyUpdate" time="0.0">
    <ignored/>
  </testcase> <!-- partiallyUpdate -->
  <testcase classname="restassured.TugasValidationREST" name="deleteObject" time="0.0">
    <ignored/>
  </testcase> <!-- deleteObject -->
  <testcase classname="restassured.TugasValidationREST" name="GetAllObjects" time="0.0">
    <ignored/>
  </testcase> <!-- GetAllObjects -->
  <testcase classname="restassured.TugasValidationREST" name="singleObject" time="0.0">
    <ignored/>
  </testcase> <!-- singleObject -->
</testsuite> <!-- Surefire test -->
