<?xml version="1.0" encoding="UTF-8"?>
<!-- Generated by org.testng.reporters.JUnitXMLReporter -->
<testsuite ignored="0" hostname="Escha" failures="0" tests="22" name="MyTestGroup" time="11.928" errors="0" timestamp="2025-02-23T12:42:19 ICT">
  <testcase classname="testng.PararelTestNG" name="checkoutBarang" time="0.001"/>
  <testcase classname="testng.PararelTestNG2" name="checkoutBarang" time="0.0"/>
  <testcase classname="testng.PararelTestNG" name="scenariotest1" time="0.008"/>
  <testcase classname="testng.PararelTestNG" name="scenariotest2" time="0.001"/>
  <testcase classname="testng.PararelTestNG" name="scenariotest3" time="0.0"/>
  <testcase classname="testng.PararelTestNG" name="scenariotest4" time="0.0"/>
  <testcase classname="testng.PararelTestNG" name="scenariotest5" time="0.001"/>
  <testcase classname="testng.PararelTestNG2" name="dataTestScenario" time="0.006"/>
  <testcase classname="testng.PararelTestNG2" name="dataTestScenario" time="0.0"/>
  <testcase classname="testng.PararelTestNG2" name="dataTestScenario" time="0.001"/>
  <testcase classname="testng.PararelTestNG2" name="scenariotest1" time="0.001"/>
  <testcase classname="testng.PararelTestNG2" name="scenariotest2" time="0.0"/>
  <testcase classname="testng.PararelTestNG2" name="scenariotest3" time="0.0"/>
  <testcase classname="testng.PararelTestNG2" name="scenariotest4" time="0.0"/>
  <testcase classname="testng.PararelTestNG2" name="scenariotest5" time="0.0"/>
  <testcase classname="restassured.TugasValidationREST" name="addObject" time="3.726"/>
  <testcase classname="restassured.TugasValidationREST" name="singleObject" time="0.992"/>
  <testcase classname="restassured.TugasValidationREST" name="deleteObject" time="0.886"/>
  <testcase classname="restassured.TugasValidationREST" name="listObjectID" time="2.615"/>
  <testcase classname="restassured.TugasValidationREST" name="partiallyUpdate" time="0.96"/>
  <testcase classname="restassured.TugasValidationREST" name="testGetAllObjects" time="0.927"/>
  <testcase classname="restassured.TugasValidationREST" name="updateObject" time="1.781"/>
</testsuite> <!-- MyTestGroup -->
