<?xml version="1.0" encoding="UTF-8"?>
<testng-results ignored="0" total="1" passed="1" failed="0" skipped="0">
  <reporter-output>
  </reporter-output>
  <suite started-at="2025-02-23T13:17:22 ICT" name="Surefire suite" finished-at="2025-02-23T13:17:26 ICT" duration-ms="3885">
    <groups>
    </groups>
    <test started-at="2025-02-23T13:17:22 ICT" name="Surefire test" finished-at="2025-02-23T13:17:26 ICT" duration-ms="3885">
      <class name="restassured.TugasValidationREST">
        <test-method is-config="true" signature="addObject()[pri:0, instance:restassured.TugasValidationREST@20d3d15a]" started-at="2025-02-23T13:17:22 ICT" name="addObject" finished-at="2025-02-23T13:17:26 ICT" duration-ms="3447" status="PASS">
          <reporter-output>
          </reporter-output>
        </test-method> <!-- addObject -->
        <test-method signature="updateObject()[pri:0, instance:restassured.TugasValidationREST@20d3d15a]" started-at="2025-02-23T13:17:26 ICT" name="updateObject" finished-at="2025-02-23T13:17:26 ICT" duration-ms="395" status="PASS">
          <reporter-output>
          </reporter-output>
        </test-method> <!-- updateObject -->
      </class> <!-- restassured.TugasValidationREST -->
    </test> <!-- Surefire test -->
  </suite> <!-- Surefire suite -->
</testng-results>
